<?xml version="1.0" encoding="UTF-8"?>
<!-- Generated by org.testng.reporters.JUnitXMLReporter -->
<testsuite ignored="0" hostname="win2019" failures="0" tests="3" name="Default test" time="38.914" errors="0" timestamp="2024-08-20T21:33:53 PDT">
  <testcase classname="com.selcs.Ebay" name="ChromeBrowserLaunch" time="20.006"/>
  <testcase classname="com.selcs.Ebay" name="FirefoxBrowserLaunch" time="10.791"/>
  <testcase classname="com.selcs.Ebay" name="EdgeBrowserLaunch" time="8.027"/>
</testsuite> <!-- Default test -->
