<?xml version="1.0" encoding="UTF-8"?>
<testng-results ignored="0" total="3" passed="3" failed="0" skipped="0">
  <reporter-output>
  </reporter-output>
  <suite started-at="2024-08-20T21:33:14 PDT" name="Default suite" finished-at="2024-08-20T21:33:53 PDT" duration-ms="38914">
    <groups>
    </groups>
    <test started-at="2024-08-20T21:33:14 PDT" name="Default test" finished-at="2024-08-20T21:33:53 PDT" duration-ms="38914">
      <class name="com.selcs.Ebay">
        <test-method signature="ChromeBrowserLaunch()[pri:1, instance:com.selcs.Ebay@47d9a273]" started-at="2024-08-20T21:33:14 PDT" name="ChromeBrowserLaunch" finished-at="2024-08-20T21:33:34 PDT" duration-ms="20006" status="PASS">
          <reporter-output>
          </reporter-output>
        </test-method> <!-- ChromeBrowserLaunch -->
        <test-method signature="FirefoxBrowserLaunch()[pri:2, instance:com.selcs.Ebay@47d9a273]" started-at="2024-08-20T21:33:34 PDT" name="FirefoxBrowserLaunch" finished-at="2024-08-20T21:33:45 PDT" duration-ms="10791" status="PASS">
          <reporter-output>
          </reporter-output>
        </test-method> <!-- FirefoxBrowserLaunch -->
        <test-method signature="EdgeBrowserLaunch()[pri:3, instance:com.selcs.Ebay@47d9a273]" started-at="2024-08-20T21:33:45 PDT" name="EdgeBrowserLaunch" finished-at="2024-08-20T21:33:53 PDT" duration-ms="8027" status="PASS">
          <reporter-output>
          </reporter-output>
        </test-method> <!-- EdgeBrowserLaunch -->
      </class> <!-- com.selcs.Ebay -->
    </test> <!-- Default test -->
  </suite> <!-- Default suite -->
</testng-results>
