<?xml version="1.0" encoding="UTF-8"?>
<testng-results ignored="0" total="2" passed="2" failed="0" skipped="0">
  <reporter-output>
  </reporter-output>
  <suite started-at="2024-08-24T22:26:39 PDT" name="Default suite" finished-at="2024-08-24T22:26:57 PDT" duration-ms="18443">
    <groups>
    </groups>
    <test started-at="2024-08-24T22:26:39 PDT" name="Default test" finished-at="2024-08-24T22:26:57 PDT" duration-ms="18443">
      <class name="com.dropdown.DropDownChrome">
        <test-method signature="ChromeTesting()[pri:0, instance:com.dropdown.DropDownChrome@26e356f0]" started-at="2024-08-24T22:26:39 PDT" name="ChromeTesting" finished-at="2024-08-24T22:26:47 PDT" duration-ms="8440" status="PASS">
          <reporter-output>
          </reporter-output>
        </test-method> <!-- ChromeTesting -->
        <test-method signature="EdgeTesting()[pri:0, instance:com.dropdown.DropDownChrome@26e356f0]" started-at="2024-08-24T22:26:47 PDT" name="EdgeTesting" finished-at="2024-08-24T22:26:57 PDT" duration-ms="9924" status="PASS">
          <reporter-output>
          </reporter-output>
        </test-method> <!-- EdgeTesting -->
      </class> <!-- com.dropdown.DropDownChrome -->
    </test> <!-- Default test -->
  </suite> <!-- Default suite -->
</testng-results>
